{"uuid":"b6eda688-2d42-48cc-86f9-61ec5cfc24f2","historyId":"42db0313699347f892157eba0cd5e3fa","fullName":"org.example.TestVWOLogin.setUp","labels":[{"name":"package","value":"org.example.TestVWOLogin"},{"name":"testClass","value":"org.example.TestVWOLogin"},{"name":"testMethod","value":"setUp"},{"name":"parentSuite","value":"Default Suite"},{"name":"suite","value":"VWOLoginAutomationSeleniumTestNG"},{"name":"subSuite","value":"org.example.TestVWOLogin"},{"name":"host","value":"bdc8-l-151FMQC"},{"name":"thread","value":"38620@bdc8-l-151FMQC.main(1)"},{"name":"framework","value":"testng"},{"name":"language","value":"java"},{"name":"AS_ID","value":"-1"}],"links":[],"name":"setUp","status":"broken","statusDetails":{"known":false,"muted":false,"flaky":false,"message":"Unable to obtain: Capabilities {browserName: chrome, goog:chromeOptions: {args: [--remote-allow-origins=*, --start-maximized], extensions: []}}","trace":"org.openqa.selenium.remote.NoSuchDriverException: Unable to obtain: Capabilities {browserName: chrome, goog:chromeOptions: {args: [--remote-allow-origins=*, --start-maximized], extensions: []}}\r\n\tat org.openqa.selenium.remote.service.DriverFinder.getPath(DriverFinder.java:29)\r\n\tat org.openqa.selenium.chrome.ChromeDriver.generateExecutor(ChromeDriver.java:98)\r\n\tat org.openqa.selenium.chrome.ChromeDriver.<init>(ChromeDriver.java:87)\r\n\tat org.openqa.selenium.chrome.ChromeDriver.<init>(ChromeDriver.java:82)\r\n\tat org.openqa.selenium.chrome.ChromeDriver.<init>(ChromeDriver.java:71)\r\n\tat org.example.TestVWOLogin.setUp(TestVWOLogin.java:34)\r\n\tat java.base/jdk.internal.reflect.DirectMethodHandleAccessor.invoke(DirectMethodHandleAccessor.java:104)\r\n\tat java.base/java.lang.reflect.Method.invoke(Method.java:578)\r\n\tat org.testng.internal.invokers.MethodInvocationHelper.invokeMethod(MethodInvocationHelper.java:139)\r\n\tat org.testng.internal.invokers.MethodInvocationHelper.invokeMethodConsideringTimeout(MethodInvocationHelper.java:69)\r\n\tat org.testng.internal.invokers.ConfigInvoker.invokeConfigurationMethod(ConfigInvoker.java:361)\r\n\tat org.testng.internal.invokers.ConfigInvoker.invokeConfigurations(ConfigInvoker.java:296)\r\n\tat org.testng.SuiteRunner.privateRun(SuiteRunner.java:372)\r\n\tat org.testng.SuiteRunner.run(SuiteRunner.java:330)\r\n\tat org.testng.SuiteRunnerWorker.runSuite(SuiteRunnerWorker.java:52)\r\n\tat org.testng.SuiteRunnerWorker.run(SuiteRunnerWorker.java:95)\r\n\tat org.testng.TestNG.runSuitesSequentially(TestNG.java:1256)\r\n\tat org.testng.TestNG.runSuitesLocally(TestNG.java:1176)\r\n\tat org.testng.TestNG.runSuites(TestNG.java:1099)\r\n\tat org.testng.TestNG.run(TestNG.java:1067)\r\n\tat com.intellij.rt.testng.IDEARemoteTestNG.run(IDEARemoteTestNG.java:66)\r\n\tat com.intellij.rt.testng.RemoteTestNGStarter.main(RemoteTestNGStarter.java:105)\r\nCaused by: org.openqa.selenium.WebDriverException: Unsuccessful command executed: [C:\\Users\\GSHRIN~1.GAN\\AppData\\Local\\Temp\\selenium-manager44201260624910012392619522353621213\\selenium-manager.exe, --browser, chrome, --output, json]\nThe chromedriver version cannot be discovered\nBuild info: version: '4.10.0', revision: 'c14d967899'\nSystem info: os.name: 'Windows 11', os.arch: 'amd64', os.version: '10.0', java.version: '19.0.2'\nDriver info: driver.version: ChromeDriver\r\n\tat org.openqa.selenium.manager.SeleniumManager.runCommand(SeleniumManager.java:130)\r\n\tat org.openqa.selenium.manager.SeleniumManager.getDriverPath(SeleniumManager.java:251)\r\n\tat org.openqa.selenium.remote.service.DriverFinder.getPath(DriverFinder.java:27)\r\n\t... 21 more\r\n"},"stage":"finished","steps":[],"attachments":[],"parameters":[],"start":1705693858879,"stop":1705693858881}